
SQL*Loader: Release 11.2.0.3.0 - Production on Mon May 27 12:31:52 2013

Copyright (c) 1982, 2011, Oracle and/or its affiliates.  All rights reserved.

Control File:   FIPS_CountyName.ctl
Data File:      FIPS_CountyName.ctl
  Bad File:     FIPS_CountyName.bad
  Discard File:  none specified
 
 (Allow all discards)

Number to load: ALL
Number to skip: 0
Errors allowed: 50
Bind array:     64 rows, maximum of 256000 bytes
Continuation:    none specified
Path used:      Conventional

Table LDR_COUNTIES, loaded from every logical record.
Insert option in effect for this table: TRUNCATE
TRAILING NULLCOLS option in effect

   Column Name                  Position   Len  Term Encl Datatype
------------------------------ ---------- ----- ---- ---- ---------------------
STATECOU                            FIRST     *   ,       CHARACTER            
NAME                                 NEXT     *   ,       CHARACTER            
STATE                                NEXT     *   ,       CHARACTER            


Table LDR_COUNTIES:
  3195 Rows successfully loaded.
  0 Rows not loaded due to data errors.
  0 Rows not loaded because all WHEN clauses were failed.
  0 Rows not loaded because all fields were null.


Space allocated for bind array:                  49536 bytes(64 rows)
Read   buffer bytes: 1048576

Total logical records skipped:          0
Total logical records read:          3195
Total logical records rejected:         0
Total logical records discarded:        0

Run began on Mon May 27 12:31:52 2013
Run ended on Mon May 27 12:31:54 2013

Elapsed time was:     00:00:01.11
CPU time was:         00:00:00.04
