
SQL*Loader: Release 11.2.0.3.0 - Production on Sun Aug 5 11:44:29 2012

Copyright (c) 1982, 2011, Oracle and/or its affiliates.  All rights reserved.

Control File:   mrates.ctl
Data File:      mrates.ctl
  Bad File:     mrates.bad
  Discard File:  none specified
 
 (Allow all discards)

Number to load: ALL
Number to skip: 0
Errors allowed: 50
Bind array:     64 rows, maximum of 256000 bytes
Continuation:    none specified
Path used:      Conventional

Table PR_MILLAGE_RATES, loaded from every logical record.
Insert option in effect for this table: TRUNCATE

   Column Name                  Position   Len  Term Encl Datatype
------------------------------ ---------- ----- ---- ---- ---------------------
YEAR                                FIRST     *   ,  O(") CHARACTER            
ID                                   NEXT     *   ,  O(") CHARACTER            
COUNTY                               NEXT     *   ,  O(") CHARACTER            
MILLAGE                              NEXT     *   ,  O(") CHARACTER            
RENT_RATE                            NEXT     *   ,  O(") CHARACTER            


Table PR_MILLAGE_RATES:
  67 Rows successfully loaded.
  0 Rows not loaded due to data errors.
  0 Rows not loaded because all WHEN clauses were failed.
  0 Rows not loaded because all fields were null.


Space allocated for bind array:                  82560 bytes(64 rows)
Read   buffer bytes: 1048576

Total logical records skipped:          0
Total logical records read:            67
Total logical records rejected:         0
Total logical records discarded:        0

Run began on Sun Aug 05 11:44:29 2012
Run ended on Sun Aug 05 11:44:30 2012

Elapsed time was:     00:00:00.31
CPU time was:         00:00:00.03
