
SQL*Loader: Release 11.2.0.3.0 - Production on Mon Mar 4 19:28:47 2013

Copyright (c) 1982, 2011, Oracle and/or its affiliates.  All rights reserved.

Control File:   millage_taxes_levied.ldr
Data File:      millage_taxes_levied.ldr
  Bad File:     millage_taxes_levied.bad
  Discard File:  none specified
 
 (Allow all discards)

Number to load: ALL
Number to skip: 0
Errors allowed: 50
Bind array:     64 rows, maximum of 256000 bytes
Continuation:    none specified
Path used:      Conventional

Table ASC_MILLAGE_RATES, loaded from every logical record.
Insert option in effect for this table: TRUNCATE

   Column Name                  Position   Len  Term Encl Datatype
------------------------------ ---------- ----- ---- ---- ---------------------
ID                                  FIRST     *   ,  O(") CHARACTER            
COUNTY                               NEXT     *   ,  O(") CHARACTER            
MILLAGE                              NEXT     *   ,  O(") CHARACTER            


Table ASC_MILLAGE_RATES:
  67 Rows successfully loaded.
  0 Rows not loaded due to data errors.
  0 Rows not loaded because all WHEN clauses were failed.
  0 Rows not loaded because all fields were null.


Space allocated for bind array:                  49536 bytes(64 rows)
Read   buffer bytes: 1048576

Total logical records skipped:          0
Total logical records read:            67
Total logical records rejected:         0
Total logical records discarded:        0

Run began on Mon Mar 04 19:28:47 2013
Run ended on Mon Mar 04 19:28:49 2013

Elapsed time was:     00:00:01.83
CPU time was:         00:00:00.05
