
SQL*Loader: Release 11.2.0.3.0 - Production on Thu Feb 7 18:39:20 2013

Copyright (c) 1982, 2011, Oracle and/or its affiliates.  All rights reserved.

Control File:   zipcode.ctl
Data File:      zipcode_puma.csv
  Bad File:     zipcode_puma.bad
  Discard File:  none specified
 
 (Allow all discards)

Number to load: ALL
Number to skip: 0
Errors allowed: 50
Bind array:     64 rows, maximum of 256000 bytes
Continuation:    none specified
Path used:      Conventional

Table ASC_ZIPUMA, loaded from every logical record.
Insert option in effect for this table: TRUNCATE
TRAILING NULLCOLS option in effect

   Column Name                  Position   Len  Term Encl Datatype
------------------------------ ---------- ----- ---- ---- ---------------------
ZIPCODE                             FIRST     *   ,  O(") CHARACTER            
STATE_CODE                           NEXT     *   ,  O(") CHARACTER            
PUMA2K                               NEXT     *   ,  O(") CHARACTER            
STATE                                NEXT     *   ,  O(") CHARACTER            
ZIPNAME                              NEXT     *   ,  O(") CHARACTER            
PUMA2K_NAME                          NEXT     *   ,  O(") CHARACTER            
LONGITUDE                            NEXT     *   ,  O(") CHARACTER            
LATITUDE                             NEXT     *   ,  O(") CHARACTER            
TOTAL_HU                             NEXT     *   ,  O(") CHARACTER            
AFACT                                NEXT     *   ,  O(") CHARACTER            


Table ASC_ZIPUMA:
  1463 Rows successfully loaded.
  0 Rows not loaded due to data errors.
  0 Rows not loaded because all WHEN clauses were failed.
  0 Rows not loaded because all fields were null.


Space allocated for bind array:                 165120 bytes(64 rows)
Read   buffer bytes: 1048576

Total logical records skipped:          0
Total logical records read:          1463
Total logical records rejected:         0
Total logical records discarded:        0

Run began on Thu Feb 07 18:39:20 2013
Run ended on Thu Feb 07 18:39:21 2013

Elapsed time was:     00:00:01.12
CPU time was:         00:00:00.04
