SQL> @mls_analysis

CITY                                   ZIPCODE P      ERENT      ARENT SQFT         YEAR_BUILT ESTIMATE ASKING      PROP_ID         
----------------------------------- ---------- - ---------- ---------- ------------ ---------- -------- -------- ----------         
APOPKA                                   32703 B       9.18       9.28  1,157             1985     $885     $895     840275         
                                         32703 B       9.18       8.48  1,344             1970   $1,028     $950     838364         
                                         32703 B       9.18      11.68  1,232             1991     $942   $1,199     833249         
                                         32703 B       9.18      10.99  1,632             1997   $1,248   $1,495     830609         
                                         32703 B       9.18       9.36  1,538             1995   $1,177   $1,200     839038         
                                         32703 B       9.18        9.1  1,451             1994   $1,110   $1,100     838863         
                                         32703 B       9.18      10.34  1,393             1991   $1,066   $1,200     834556         
                                         32703 B       9.18       8.74  2,052             2007   $1,570   $1,495     837299         
                                         32703 B       9.18      10.33  1,510             1992   $1,155   $1,300     833303         
                                         32703 B       9.18       7.28  1,152             1977     $881     $699     843545         
                                         32703 B       9.18       8.04  1,784             1992   $1,365   $1,195     825681         
                                         32703 B       9.94      14.91  1,026             1995     $850   $1,275     830479         
                                         32703 C       6.47       7.23  1,576             1993     $850     $950     836927         
                                         32712 A      18.18        9.8  1,469             1981   $2,226   $1,200     811493         
                                         32712 B       9.92      10.34  1,451             2001   $1,199   $1,250     813571         
                                         32712 B      10.88       9.51  1,072             1998     $972     $850     767029         
                                         32712 B       8.88       7.78  3,006             1998   $2,224   $1,950     806333         
                                         32712 B      10.88      11.38  1,028             1984     $932     $975     822146         
                                         32712 B      10.88       7.99  1,764             1989   $1,599   $1,175     824153         
                                         32712 B        7.6       5.98  3,513             1998   $2,225   $1,750     812471         
                                         32712 B      10.05       8.76  1,910             2009   $1,600   $1,395     820793         
                                         32712 B       9.54          9  2,800             2005   $2,226   $2,100     805240         
                                         32712 B      10.59      10.54  1,360             1991   $1,200   $1,195     819756         
                                         32712 B      10.88      10.06  1,252             1995   $1,135   $1,050     804654         
                                         32712 B       9.83       5.28  2,716             1980   $2,225   $1,195     822876         
                                         32712 B      10.28       8.35  1,868             1996   $1,600   $1,300     811473         
                                         32712 B       9.76       9.72  1,475             2002   $1,200   $1,195     821911         
                                         32712 B      10.88       7.28  2,142             2001   $1,942   $1,300     813583         
                                                                                                                                    
CAPE CANAVERAL                           32920 B       9.88       7.41  1,458             2004   $1,200     $900     178572         
                                                                                                                                    
COCOA                                    32926 B       9.03        7.9  1,594             1986   $1,199   $1,050     126457         
                                         32926 B      10.15      11.15  1,292             1989   $1,093   $1,200     129937         
                                         32926 C       9.92       8.75  1,028             1993     $850     $750     127316         
                                         32927 B       8.98       8.81  2,180             1992   $1,631   $1,600     117088         
                                         32927 B       8.98       7.33  1,555             1989   $1,164     $950     107193         
                                         32927 C        3.1       4.37  3,295             1950     $851   $1,200     121325         
                                                                                                                                    
COCOA BEACH                              32931 A      21.16      12.25  3,403             2007   $6,001   $3,475     179263         
                                         32931 B      11.61      13.78  1,654             1965   $1,600   $1,900     222718         
                                                                                                                                    
DEBARY                                   32713 A      21.87      21.62  1,221             2004   $2,225   $2,200     526575         
                                         32713 A      15.11       9.47  1,767             2007   $2,225   $1,395     728073         
                                         32713 A      10.45      14.42  2,554             2008   $2,224   $3,070     733634         
                                         32713 A       10.3       10.9  2,752             2008   $2,362   $2,500     733635         
                                         32713 A       10.3       8.17  3,523             2004   $3,024   $2,400     517480         
                                         32713 B      10.25      14.31  1,405             2003   $1,200   $1,675     526590         
                                         32713 B       10.3       8.97  2,541             1999   $2,181   $1,900     529330         
                                         32713 B      10.37      10.37    984             1989     $850     $850     533373         
                                         32713 B       10.3       6.81  2,158             2000   $1,852   $1,225     526998         
                                         32713 B       10.3      14.02  1,284             2003   $1,102   $1,500     530572         
                                         32713 B       10.3      10.23  1,637             2004   $1,405   $1,395     528551         
                                         32713 B       10.3       8.85  1,288             1987   $1,106     $950     531143         
                                         32713 B      10.28       8.67  1,868             2003   $1,600   $1,350     528050         
                                         32713 B       10.3      11.65  1,854             2004   $1,591   $1,800     526143         
                                         32713 B       10.3       7.68  2,180             1999   $1,871   $1,395     536358         
                                                                                                                                    
DELAND                                   32720 B       8.95      15.79  1,140             1996     $850   $1,500     514034         
                                         32720 B       8.28       9.55  2,136             2006   $1,474   $1,700     733737         
                                         32720 B       8.27       8.15  1,620             1960   $1,116   $1,100     501878         
                                         32720 B       8.27       7.57  1,506             1978   $1,038     $950     495219         
                                         32720 B      12.26      10.46    832             1926     $850     $725     501857         
                                         32720 B       8.44       9.19  1,208             1971     $850     $925     501771         
                                         32720 B       8.27       7.18  1,588             1978   $1,094     $950     487094         
                                         32720 B       8.87       9.91  1,150             2000     $850     $950     512550         
                                         32720 C       8.27      11.12    836             1909     $576     $775     503468         
                                         32720 C       8.23      10.17  1,239             1937     $850   $1,050     506627         
                                         32724 B       9.25       7.76  1,392             2006   $1,073     $900     739483         
                                         32724 B      12.26      11.47    832             1959     $850     $795     500286         
                                         32724 B       9.25       8.44  2,701             2009   $2,082   $1,900     744932         
                                         32724 B       9.25       9.97  1,805             2004   $1,391   $1,500     508182         
                                         32724 B       9.25       7.42  1,617             2006   $1,246   $1,000     496718         
                                         32724 B      10.63       17.5    960             2005     $850   $1,400     730207         
                                         32724 B       9.25       8.64  2,778             2002   $2,141   $2,000     493805         
                                         32724 B       9.25       9.19  1,632             2003   $1,258   $1,250     500722         
                                         32724 B       9.25        7.1  1,605             2007   $1,237     $950     499511         
                                         32724 B       9.25       9.48  1,773             2003   $1,367   $1,400     514297         
                                         32724 B       9.25       11.8  1,525             2002   $1,176   $1,500     509011         
                                         32724 B       9.16       8.78  1,572             2003   $1,200   $1,150     504831         
                                         32724 B       9.26        6.7  1,120             1980     $864     $625     493420         
                                         32724 B       9.25      11.34  1,370             1988   $1,056   $1,295     495062         
                                         32724 C      13.12      11.93    503             1935     $550     $500     502295         
                                         32724 C       4.24       4.24  2,404             1989     $849     $850     491747         
                                                                                                                                    
DELTONA                                  32725 B       6.23       7.69  2,028             1985   $1,053   $1,300     576713         
                                         32725 B       6.25       7.73  1,631             1989     $849   $1,050     583898         
                                         32725 B       6.32       8.18  1,613             1997     $850   $1,100     546377         
                                         32725 B       6.23       8.26  1,815             1992     $942   $1,250     540388         
                                         32725 B       6.85       8.47  1,488             1983     $849   $1,050     552010         
                                         32725 B       6.23       8.04  1,784             2004     $926   $1,195     542049         
                                         32725 B       9.11         15  1,120             1997     $850   $1,400     539781         
                                         32725 B      16.06      11.81    635             1964     $850     $625     564521         
                                         32725 B      11.46       8.76    890             1965     $850     $650     550705         
                                         32725 B       9.62       7.92  1,060             1967     $850     $700     551707         
                                         32725 B       6.23       7.15  2,098             2000   $1,089   $1,250     552295         
                                         32725 B      15.94      12.19    640             1968     $850     $650     571930         
                                         32725 B       6.23       6.19  2,132             2002   $1,107   $1,100     544972         
                                         32725 B       6.23       8.96  1,809             2003     $939   $1,350     573826         
                                         32725 B       6.95       8.99  1,468             1993     $850   $1,100     550668         
                                         32725 B       6.23       6.48  1,844             1986     $957     $995     586371         
                                         32725 B      11.75       8.23    868             1968     $850     $595     570762         
                                         32725 B       8.17       6.68  1,248             1971     $850     $695     574205         
                                         32725 B       7.64       7.64  1,335             1987     $850     $850     548382         
                                         32725 B       9.81       9.06  1,040             1981     $850     $785     546067         
                                         32725 B      13.32      10.18    766             1966     $850     $650     563618         
                                         32725 B       6.23       8.07  1,858             1986     $965   $1,250     583815         
                                         32725 B       12.2       9.33    836             1964     $850     $650     555510         
                                         32725 B       8.05          9  1,267             1990     $850     $950     553615         
                                         32725 B       6.23       6.83  1,800             2004     $935   $1,025     593639         
                                         32725 B       9.47       8.36  1,077             1972     $850     $750     551529         
                                         32725 B      11.89       9.09    858             1965     $850     $650     560937         
                                         32725 B       6.23       6.84  2,019             2005   $1,048   $1,150     573859         
                                         32725 B       7.42        8.3  1,374             1980     $850     $950     578041         
                                         32725 C       7.47      10.86    884             1986     $550     $800     580993         
                                         32738 A       7.21       9.72  3,704             1994   $2,225   $3,000     574635         
                                         32738 B      11.59       8.86    880             1971     $850     $650     566792         
                                         32738 B       8.02       7.78  1,272             1987     $850     $825     583483         
                                         32738 B       6.51       6.53  1,838             2005     $997   $1,000     563376         
                                         32738 B       6.51       7.16  1,760             1996     $955   $1,050     544419         
                                         32738 B       9.88       9.01  1,032             1990     $850     $775     552259         
                                         32738 B       8.82       9.29  1,156             1986     $850     $895     551550         
                                         32738 B       9.66      10.17  1,056             1988     $850     $895     582384         
                                         32738 B       6.51       6.38  1,882             2004   $1,021   $1,000     574750         
                                         32738 B       8.47       8.72  1,204             1986     $850     $875     572283         
                                         32738 B       6.51       6.04  2,236             2001   $1,213   $1,125     572636         
                                         32738 B       6.73       7.52  1,515             2004     $850     $950     564284         
                                         32738 B       9.11      12.43  1,120             2006     $850   $1,160     564968         
                                                                                                                                    
GOTHA                                    34734 A      11.99        7.3  3,783             2000   $3,780   $2,300     891562         
                                         34734 B       9.66       8.66  1,490             1967   $1,199   $1,075     887577         
                                         34734 C       2.71      11.78  3,768             1989     $851   $3,700     885954         
                                                                                                                                    
GRANT                                    32949 B      12.66       9.67  2,109             2003   $2,225   $1,700     457270         
                                                                                                                                    
INDIALANTIC                              32903 B      10.54      15.82  1,138             1980   $1,000   $1,500     306186         
                                                                                                                                    
LAKE HELEN                               32744 B       8.75       9.78  1,166             1980     $850     $950     511976         
                                         32744 C       7.38       8.48    920             1960     $566     $650     536570         
                                                                                                                                    
MAITLAND                                 32751 B       9.39      12.52  1,534             1964   $1,200   $1,600     935735         
                                         32751 B      10.61       9.78  1,810             1998   $1,600   $1,475     938575         
                                         32751 B       10.1      15.15  1,901             1970   $1,600   $2,400     950731         
                                         32751 B      11.12          8  2,401             1998   $2,225   $1,600     938558         
                                         32751 B      10.67         10  1,800             1997   $1,601   $1,500     938527         
                                         32751 C       2.14       3.15  4,765             2005     $850   $1,250     949760         
                                         32751 C       6.25      15.81  1,632             1964     $850   $2,150    1083307         
                                         32751 C       6.46      14.45  1,578             2006     $849   $1,900     936731         
                                         32751 C       2.87      13.35  3,550             1983     $849   $3,950    1082553         
                                         32751 C       9.48      10.04  1,076             1994     $850     $900     949633         
                                         32751 C       4.93      12.75  2,071             1961     $851   $2,200    1082737         
                                         32751 C       5.67      13.01  1,798             1963     $850   $1,950    1083519         
                                         32751 C       5.45      14.07  1,872             1964     $850   $2,195    1083631         
                                         32751 C       4.38      12.38  2,327             1960     $849   $2,400    1082841         
                                         32751 C       3.85      13.48  2,648             1959     $850   $2,975    1084664         
                                                                                                                                    
MELBOURNE                                32901 B       8.91       6.91  1,911             2004   $1,419   $1,100     355813         
                                         32901 B       8.91       9.76  1,291             1967     $959   $1,050     346607         
                                         32904 B      10.65      11.32  1,802             1979   $1,599   $1,700     318385         
                                         32904 B      12.03       8.21  2,009             2006   $2,014   $1,375     346144         
                                         32904 B      12.04       8.59  2,026             2006   $2,033   $1,450     360715         
                                         32904 B       9.96       8.09  1,928             1964   $1,600   $1,300     343659         
                                         32904 B       8.74       5.89  3,055             2006   $2,225   $1,500     346715         
                                         32934 B       9.04       9.42  1,593             2003   $1,200   $1,250     269317         
                                         32935 A        9.4       11.8  2,848             1989   $2,231   $2,800     305403         
                                         32935 A        9.4       8.97  6,688             1962   $5,239   $5,000     303624         
                                         32935 B        9.4       9.71  1,205             1977     $944     $975     306951         
                                         32935 C        9.4      11.11    864             1959     $677     $800     258999         
                                         32935 C       9.41       13.9    777             1991     $609     $900     283007         
                                         32935 C       8.13       8.13  1,254             1962     $850     $850     298896         
                                         32940 B      10.17      10.06  2,625             2002   $2,225   $2,200     246530         
                                         32940 B      11.95      10.83  1,607             2002   $1,600   $1,450     247393         
                                         32940 B      12.96      10.49  2,060             1996   $2,225   $1,800     228060         
                                         32940 B      10.29      10.71  1,400             1993   $1,201   $1,249     234232         
                                         32940 B       10.5       8.86  1,828             1988   $1,600   $1,350     240371         
                                         32940 B      10.62       9.29  1,808             2001   $1,600   $1,400     246959         
                                         32940 B      13.15       8.57  2,030             2004   $2,225   $1,450     245136         
                                         32940 B      11.48      10.23  1,672             2010   $1,600   $1,425     230911         
                                         32940 B      10.89      10.21  1,763             2004   $1,600   $1,500     248240         
                                                                                                                                    
MELBOURNE BEACH                          32951 B       9.86       18.9  1,460             1996   $1,200   $2,300     390932         
                                         32951 B      12.89      12.45  2,072             1967   $2,226   $2,150     383924         
                                         32951 C       9.87      26.32    912             1982     $750   $2,000     455419         
                                                                                                                                    
MERRITT ISLAND                           32952 B       9.77      10.58  1,474             1966   $1,200   $1,300     172189         
                                         32952 C       4.32       7.87  2,362             1963     $850   $1,550     182741         
                                         32953 B      11.63       9.88  1,032             1986   $1,000     $850     146045         
                                         32953 C       6.82       8.82  1,496             1966     $850   $1,100     151512         
                                         32953 C      10.12      10.12  1,008             1959     $850     $850     150342         
                                                                                                                                    
MOUNT DORA                               32757 B       10.4       7.01  2,567             2006   $2,225   $1,500     760629         
                                                                                                                                    
OCOEE                                    34761 A      13.64      10.42  1,958             2008   $2,226   $1,700     888196         
                                         34761 A      23.18      10.94  1,152             2004   $2,225   $1,050     860679         
                                         34761 B       9.16       9.47  2,915             2002   $2,225   $2,300     854781         
                                         34761 B       7.45       7.19  3,586             2005   $2,226   $2,150     856365         
                                         34761 B       8.13       7.13  3,283             2005   $2,224   $1,950     856522         
                                         34761 B      10.96      11.83  1,217             1992   $1,112   $1,200     853860         
                                         34761 B      10.97       9.07  1,687             1994   $1,542   $1,275     861481         
                                         34761 B       7.13       7.05  3,747             2006   $2,226   $2,200     845210         
                                         34761 B      10.97      10.11  1,246             1986   $1,139   $1,050     853310         
                                         34761 B        8.3       8.58  3,215             2006   $2,224   $2,300     845434         
                                         34761 B       9.74      10.14  1,479             2004   $1,200   $1,250     856870         
                                         34761 B      10.97      10.31  2,328             2001   $2,128   $2,000     888359         
                                                                                                                                    
ORANGE CITY                              32763 B       7.58       9.81  1,346             2006     $850   $1,100     522508         
                                         32763 B       9.11      11.25  1,120             2002     $850   $1,050     509118         
                                         32763 B       7.52       9.83  1,526             1986     $956   $1,250     513775         
                                         32763 B      13.77      11.34    741             1954     $850     $700     522924         
                                         32763 B      13.28      11.33    768             1975     $850     $725     520869         
                                         32763 B       8.46       8.96  1,205             2005     $850     $900     736973         
                                         32763 B       7.52       6.96  1,552             1977     $973     $900     524748         
                                                                                                                                    
ORLANDO                                  32801 A       12.8       7.47  2,812             1993   $2,999   $1,750     902137         
                                         32801 A      13.27      12.38  2,713             1986   $3,000   $2,800     981611         
                                         32801 C       3.79      10.71  2,689             1976     $849   $2,400     982485         
                                         32801 C       9.74       9.11  1,047             1957     $850     $795    1107093         
                                         32801 C       6.26       9.57  1,630             2006     $850   $1,300    1187869         
                                         32801 C        3.4       7.28  2,996             2006     $849   $1,817    1260690         
                                         32803 A      21.57      13.09  1,238             1957   $2,225   $1,350    1131354         
                                         32803 A      18.96       9.74  1,818             1963   $2,872   $1,475    1132359         
                                         32803 A      17.09      11.39  2,107             1951   $3,001   $2,000     985978         
                                         32803 A      18.96      13.69  1,486             1960   $2,348   $1,695    1128094         
                                         32803 B      10.96       5.25  1,314             1936   $1,200     $575    1128280         
                                         32803 B      10.62      13.37  2,513             1951   $2,224   $2,800     967975         
                                         32803 B      12.78       9.74  2,089             1939   $2,225   $1,695    1128229         
                                         32803 C       8.88      21.88  1,149             1952     $850   $2,095    1129475         
                                         32804 B      10.59      11.47  1,360             1950   $1,200   $1,300     970220         
                                         32804 B       9.65      11.22  1,492             1957   $1,200   $1,395     973068         
                                         32804 B      10.36      12.52  1,390             1952   $1,200   $1,450     963341         
                                         32804 C       8.82      10.38  1,156             1955     $850   $1,000     953572         
                                         32804 C       9.47      11.37    950             1963     $750     $900     953828         
                                         32804 C       3.82      16.19  2,668             2008     $849   $3,600     972294         
                                         32805 B       8.83      14.72  1,155             1958     $850   $1,417    1013735         
                                         32805 C       5.28       9.12  1,250             1955     $550     $950     993841         
                                         32805 C       6.11      11.11  1,080             2005     $550   $1,000    1012541         
                                         32806 A      19.87      11.61  1,344             1954   $2,225   $1,300    1130999         
                                         32806 B      10.84        9.5  2,464             1928   $2,226   $1,950    1010267         
                                         32806 B      10.79      11.92  1,334             1958   $1,199   $1,325    1008023         
                                         32806 B       9.95       8.71  1,929             1986   $1,599   $1,400    1021800         
                                         32806 B      11.55      16.31  1,247             1956   $1,200   $1,695    1132686         
                                         32807 B       8.87      10.96  1,150             1954     $850   $1,050    1126947         
                                         32807 B       7.87       7.26  2,811             1957   $1,844   $1,700    1127817         
                                         32807 B       7.87       8.76  1,370             1954     $898   $1,000    1126119         
                                         32807 B       7.87      10.12  1,779             1975   $1,167   $1,500    1134849         
                                         32807 C       7.14      10.83  1,429             2001     $850   $1,290    1120308         
                                         32807 C       7.87       9.94    965             1986     $633     $799    1119394         
                                         32808 C       5.08       8.32  1,298             1958     $549     $900     959419         
                                         32808 C       5.23       8.56  1,262             1984     $550     $900     957997         
                                         32808 C       6.43       8.76  1,027             1986     $550     $750     975869         
                                         32808 C       4.85       7.49  1,362             1986     $550     $850     945192         
                                         32808 C       5.79       8.96  1,139             1960     $550     $850     864452         
                                         32808 C       5.52       8.54  1,195             1976     $550     $850     961471         
                                         32808 C       5.79       9.48  1,139             1959     $550     $900     961082         
                                         32808 C       4.78       7.41  1,764             1962     $703   $1,090     961248         
                                         32808 C       7.28        9.6    906             1959     $550     $725     960059         
                                         32808 C        7.6       9.68    868             1984     $550     $700     978488         
                                         32808 C        4.8       8.44  1,375             1983     $550     $967     957957         
                                         32808 C       5.05      10.11  1,306             1990     $550   $1,100     945120         
                                         32808 C        6.5      11.22  1,016             1968     $550     $950     979067         
                                         32809 B      10.32       7.28    988             1972     $850     $599    1041661         
                                         32809 C       8.39      10.87  1,104             1962     $772   $1,000    1033038         
                                         32809 C       8.38      10.32  1,134             1994     $792     $975    1042040         
                                         32809 C       8.38       9.87  1,088             1961     $760     $895    1042352         
                                         32809 C       7.03      10.34  1,451             1963     $850   $1,250    1035186         
                                         32810 C       7.99      11.26    906             1996     $603     $850     943615         
                                         32810 C       7.24      10.23  1,408             1996     $849   $1,200     943574         
                                         32810 C       7.99       8.63  1,245             1972     $829     $895     939259         
                                         32810 C       7.99       9.11  1,152             2003     $767     $875     945348         
                                         32810 C        8.2      11.55    805             1930     $550     $775     942863         
                                         32810 C       7.98      10.28    992             1953     $660     $850     945628         
                                         32811 C       4.35       6.13  1,762             1969     $639     $900    1016603         
                                         32811 C       4.36       5.89  2,242             1962     $815   $1,100     999875         
                                         32811 C       6.53        8.9  1,011             1973     $550     $750     999140         
                                         32811 C       6.71       9.15    984             1957     $550     $750     999325         
                                         32811 C       4.36       7.11  1,603             1989     $582     $950     997636         
                                         32811 C       7.33      10.63    900             1962     $550     $797    1015349         
                                         32811 C       5.64       9.74  1,170             1998     $550     $950     998803         
                                         32811 C        8.2      12.67    805             1968     $550     $850     995951         
                                         32811 C        4.9       8.47  1,346             2006     $550     $950     999285         
                                         32812 A      13.28       11.9  2,011             1995   $2,226   $1,995    1173435         
                                         32812 B      12.79       9.38  2,047             1983   $2,182   $1,600    1147833         
                                         32814 B       12.3      13.19  2,170             2004   $2,224   $2,385    1111018         
                                         32814 B      12.62       15.6  2,116             2007   $2,225   $2,750    1109643         
                                         32814 B      11.42      12.32  2,337             2004   $2,224   $2,400    1110513         
                                         32817 B      11.67      11.09  1,028             1982   $1,000     $950    1199837         
                                         32817 B      11.43       8.57  1,680             1993   $1,600   $1,200    1208344         
                                         32817 B      10.95       10.4  1,096             1986   $1,000     $950    1210010         
                                         32817 B       11.2      12.83  1,286             1999   $1,200   $1,375    1198035         
                                         32817 B      10.93       9.57  1,756             1994   $1,599   $1,400    1197508         
                                         32817 B      10.42       9.12  1,843             1999   $1,600   $1,400    1209235         
                                         32817 C         11       10.2    818             1984     $750     $695    1208242         
                                         32817 C       7.02       8.25  1,454             1986     $851   $1,000    1201733         
                                         32817 C      10.42       12.5    864             1961     $750     $900    1106493         
                                         32818 B       7.07       8.83  1,630             2004     $960   $1,200     852272         
                                         32818 B       8.16        9.6  1,250             1984     $850   $1,000     851329         
                                         32818 B       9.41        8.3  1,084             1988     $850     $750     868015         
                                         32818 B       7.15       8.41  1,427             1982     $850   $1,000     848627         
                                         32818 C       7.07        9.7  1,175             1999     $692     $950     864054         
                                         32818 C       7.07       8.29  1,295             1986     $763     $895     862813         
                                         32818 C       7.07       9.54  1,195             1999     $704     $950     864241         
                                         32818 C       3.98       6.55  2,564             2005     $850   $1,400     851892         
                                         32818 C       8.33      13.64    792             1961     $550     $900     846140         
                                         32818 C       7.07         10  1,194             1982     $703     $995     851222         
                                         32818 C       7.07        9.7  1,299             2004     $765   $1,050     852154         
                                         32819 A      13.26       7.52  2,714             1984   $2,999   $1,700     915722         
                                         32819 A      13.94       8.48  2,582             1983   $2,999   $1,825     909194         
                                         32819 A      14.35      13.85  2,509             1993   $3,000   $2,895     910790         
                                         32819 B      11.38      11.74  1,687             1988   $1,600   $1,650     910246         
                                         32819 B      10.44      10.28  1,839             1986   $1,600   $1,575     916017         
                                         32819 B       10.4       9.71  1,847             1974   $1,601   $1,495     915011         
                                         32819 B       9.82      10.13  2,718             1988   $2,224   $2,295     910206         
                                         32819 B       5.24      11.78  5,093             1999   $2,224   $5,000     913965         
                                         32819 B      10.54      10.37  1,822             1980   $1,600   $1,575     915472         
                                         32819 C       2.87      12.13  3,560             1997     $851   $3,600     914362         
                                         32819 C       6.36      17.57  1,605             1969     $851   $2,350     921633         
                                         32819 C       3.16       11.9  3,228             1986     $850   $3,200     917868         
                                         32819 C       4.28      16.12  2,382             1982     $850   $3,200     913810         
                                         32819 C       2.17       11.5  4,695             1999     $849   $4,500     914752         
                                         32819 C       6.12      11.87  1,668             2006     $851   $1,650     919274         
                                         32819 C        4.1       8.68  2,489             2006     $850   $1,800     918744         
                                         32819 C       3.77       6.66  2,704             1991     $850   $1,500     911605         
                                         32819 C       2.03      11.72  5,018             1978     $849   $4,900     914440         
                                         32819 C       4.48       20.8  2,279             1985     $851   $3,950     919787         
                                         32819 C       8.72       8.72  1,170             1959     $850     $850    1044571         
                                         32820 B      12.06       8.96  2,008             2005   $2,018   $1,500    1258972         
                                         32820 B        7.8       6.83  3,424             2006   $2,226   $1,950    1259295         
                                         32820 C       5.08       8.07  2,008             2005     $850   $1,350    1259040         
                                         32820 C       4.59       7.69  2,224             2005     $851   $1,425    1260064         
                                         32820 C       5.64       9.12  1,810             2005     $851   $1,375    1259172         
                                         32821 A      17.71       8.75  1,508             1979   $2,226   $1,100    1049456         
                                         32821 A      12.41       8.72  2,889             2001   $2,988   $2,100    1060291         
                                         32821 A      12.02       8.02  2,994             2001   $2,999   $2,000    1060273         
                                         32821 B      10.98      10.06  1,312             1980   $1,200   $1,100    1050069         
                                         32821 B      10.32       9.35  1,860             1979   $1,600   $1,450    1049017         
                                         32821 B      11.12      10.08  1,726             1989   $1,599   $1,450    1059630         
                                         32821 B      10.25       8.33  1,873             1981   $1,600   $1,300    1048639         
                                         32821 B       9.28       8.89  1,552             1982   $1,200   $1,150    1048584         
                                         32821 B       9.27       9.65  1,554             1979   $1,200   $1,250    1049102         
                                         32822 B       8.74       9.74  1,294             2005     $942   $1,050    1171742         
                                         32822 B       9.16       8.57  1,113             1984     $850     $795    1146726         
                                         32822 B       8.74       7.69  1,560             1972   $1,136   $1,000    1171020         
                                         32822 B       8.74       8.66  1,386             1985   $1,009   $1,000    1144164         
                                         32822 C       8.01      10.84  1,273             2001     $850   $1,150    1178464         
                                         32822 C       5.49       8.27  1,858             2001     $850   $1,280    1170081         
                                         32822 C       8.73       13.8  1,087             1999     $791   $1,250    1161546         
                                         32822 C       8.73      11.49  1,039             1980     $756     $995    1139117         
                                         32824 A       15.1       7.92  1,768             2008   $2,225   $1,167    1187294         
                                         32824 B      10.61       8.78  1,640             2009   $1,450   $1,200    1193120         
                                         32824 B      10.18       7.95  1,886             1998   $1,600   $1,250    1053807         
                                         32824 B       9.88      18.11  1,458             1998   $1,200   $2,200    1193264         
                                         32824 B      10.61       7.65  1,725             2007   $1,525   $1,100    1187173         
                                         32824 B      10.61      11.84  1,312             2003   $1,160   $1,295    1189184         
                                         32824 B      10.61       9.49  1,770             2006   $1,565   $1,400    1187254         
                                         32824 B        9.8       7.96  1,960             2006   $1,601   $1,300    1187250         
                                         32824 B      10.61        8.2  1,757             2003   $1,553   $1,200    1189108         
                                         32824 C       3.61       6.59  2,823             2003     $849   $1,550    1191731         
                                         32824 C       4.74       6.96  2,154             1986     $851   $1,250    1067959         
                                         32824 C       7.54      10.21  1,352             1993     $850   $1,150    1080816         
                                         32824 C       7.45      10.07  1,370             1995     $851   $1,150    1081133         
                                         32824 C       5.37       8.53  1,900             1999     $850   $1,350    1081761         
                                         32824 C       5.44       8.32  1,874             2001     $850   $1,300    1186213         
                                         32824 C       3.71       6.99  2,748             2003     $850   $1,600    1053041         
                                         32824 C       5.62       9.59  1,815             2000     $850   $1,450    1189368         
                                         32824 C       6.79       8.38  1,503             1988     $850   $1,050    1068993         
                                         32824 C       5.02       7.68  2,030             1997     $849   $1,300    1080235         
                                         32824 C       4.17       8.72  2,444             1997     $849   $1,775    1065644         
                                         32824 C       5.94       9.09  1,717             1994     $850   $1,300    1082458         
                                         32824 C       7.35       9.51  1,388             2000     $850   $1,100    1080454         
                                         32824 C      10.61      13.87    692             1959     $612     $800    1045981         
                                         32824 C       3.29       6.18  3,098             1997     $849   $1,595    1080296         
                                         32825 B       9.55       8.37  2,795             2006   $2,224   $1,950    1229495         
                                         32825 B      10.88      12.78  1,103             1993   $1,000   $1,175    1212993         
                                         32825 B      10.71       9.11  1,120             1984   $1,000     $850    1121340         
                                         32825 B       9.79       7.48  2,727             2004   $2,225   $1,700    1229221         
                                         32825 B       9.72       8.08  2,747             2004   $2,225   $1,850    1237677         
                                         32825 B      11.15      10.68  1,292             1990   $1,200   $1,150    1120836         
                                         32825 B      11.14       9.74  1,663             1992   $1,544   $1,350    1228928         
                                         32825 B        9.5       6.61  2,812             2004   $2,226   $1,550    1238994         
                                         32825 B      11.14       9.64  1,058             1985     $982     $850    1212226         
                                         32825 B       9.24       9.11  2,891             2005   $2,226   $2,195    1240697         
                                         32825 B      11.14       5.11  1,232             2000   $1,144     $525    1212127         
                                         32825 B       9.33       9.33  1,543             1997   $1,200   $1,200    1228536         
                                         32825 B      10.56       9.68  1,363             1992   $1,199   $1,100    1215988         
                                         32825 B       9.58      10.78  1,503             1990   $1,200   $1,350    1227880         
                                         32825 B      11.14       12.6  1,233             2001   $1,145   $1,295    1228501         
                                         32825 B      11.14       11.5  1,218             1986   $1,131   $1,167    1213389         
                                         32825 B      10.06      10.27  1,432             1997   $1,200   $1,225    1241413         
                                         32825 B      10.45       8.45  1,838             2005   $1,601   $1,295    1120125         
                                         32825 B      11.14       8.63  2,086             1998   $1,937   $1,500    1240076         
                                         32826 B      11.06       7.81  2,143             1996   $1,975   $1,395    1195942         
                                         32826 B      11.06       9.94    960             1984     $885     $795    1206278         
                                         32826 B      10.99      13.13  1,092             1984   $1,000   $1,195    1205767         
                                         32826 B      11.06        9.7  1,052             1985     $970     $850    1206596         
                                         32826 B      10.47       7.82  1,834             2003   $1,600   $1,195    1193707         
                                         32826 B      11.07      12.34  1,264             1997   $1,166   $1,300    1194302         
                                         32826 B      10.54       8.84  2,533             1995   $2,225   $1,867    1195659         
                                         32826 B      11.35      10.21    899             1982     $850     $765    1206981         
                                         32826 B      10.66      13.32  1,351             1997   $1,200   $1,500    1204563         
                                         32826 B       9.17       9.93  1,571             2002   $1,201   $1,300    1193652         
                                         32826 C        8.7      12.29  1,172             1998     $850   $1,200    1205521         
                                         32826 C        9.6       8.36  1,062             1984     $850     $740    1206609         
                                         32826 C       8.89      13.07  1,148             2000     $850   $1,250    1217816         
                                         32826 C       7.16      11.79  1,425             2004     $850   $1,400    1218555         
                                         32828 A       19.4       10.9  1,376             2005   $2,225   $1,250    1273515         
                                         32828 A       16.1       9.77  1,658             2009   $2,224   $1,350    1274895         
                                         32828 A      20.89      11.27  1,278             2004   $2,225   $1,200    1216906         
                                         32828 A      12.33       8.46  4,963             2004   $5,099   $3,500    1237020         
                                         32828 A      19.28       11.7  1,385             2001   $2,225   $1,350    1271954         
                                         32828 A      19.78      11.33  1,350             2004   $2,225   $1,275    1276175         
                                         32828 A      18.09      10.57  1,476             2003   $2,225   $1,300    1216808         
                                         32828 A       19.4       10.9  1,376             2004   $2,225   $1,250    1272436         
                                         32828 A      12.33       9.52  2,270             1998   $2,332   $1,800    1236584         
                                         32828 B      11.05       9.64  1,737             1997   $1,599   $1,395    1219276         
                                         32828 B      10.23       7.79  2,610             2003   $2,225   $1,695    1272455         
                                         32828 B       8.31        6.7  3,213             2006   $2,225   $1,795    1273654         
                                         32828 B      10.88       8.12  1,765             2000   $1,600   $1,195    1237563         
                                         32828 B      11.84      11.84  1,216             1985   $1,200   $1,200    1222304         
                                         32828 B       7.67       7.24  3,479             2006   $2,224   $2,100    1273966         
                                         32828 B       10.7       9.03  1,794             2000   $1,600   $1,350    1217378         
                                         32828 B      10.47       8.08  2,550             1999   $2,225   $1,717    1234264         
                                         32828 B      10.25       6.91  2,605             1999   $2,225   $1,500    1234255         
                                         32828 B       9.95       8.24  1,930             1994   $1,600   $1,325    1221056         
                                         32828 B       11.5       7.76  2,321             1991   $2,224   $1,500    1231892         
                                         32828 B       9.14       9.52  1,575             1994   $1,200   $1,250    1232869         
                                         32828 B      11.17       8.01  2,391             2007   $2,226   $1,595    1265315         
                                         32828 B      11.29       9.84  1,701             2007   $1,600   $1,395    1273673         
                                         32828 B      10.09       8.62  2,645             2003   $2,224   $1,900    1236325         
                                         32828 B       9.45      10.63  1,524             1985   $1,200   $1,350    1222312         
                                         32828 B       7.89        7.1  3,382             2006   $2,224   $2,000    1264450         
                                         32828 B      11.17       8.28  2,391             2005   $2,226   $1,650    1264769         
                                         32828 B      11.06       7.45  2,415             2007   $2,226   $1,500    1273999         
                                         32828 B      11.29       9.14  1,701             2005   $1,600   $1,295    1273197         
                                         32828 B      12.09       8.42  2,208             2002   $2,225   $1,550    1219975         
                                         32828 B       10.3       8.33  2,592             2003   $2,225   $1,800    1217567         
                                         32828 B       9.73       7.87  2,744             2005   $2,225   $1,799    1267490         
                                         32828 B      12.09       7.88  2,209             2005   $2,226   $1,450    1264786         
                                         32828 C       4.29       4.04  2,376             2006     $849     $800    1276462         
                                         32828 C       4.56       8.31  2,238             2005     $850   $1,550    1266891         
                                         32828 C       6.08      10.72  1,679             2004     $851   $1,500    1223154         
                                         32828 C       6.68      10.99  1,528             2004     $851   $1,400    1223146         
                                         32828 C       5.03       7.98  2,029             2007     $850   $1,350    1268259         
                                         32828 C       6.75       9.67  1,511             1996     $850   $1,217    1217050         
                                         32828 C       4.43       6.72  2,302             2002     $850   $1,290    1272169         
                                         32828 C        4.5       8.47  2,266             2005     $850   $1,600    1267485         
                                         32828 C        3.2       8.48  3,185             2003     $849   $2,250    1271972         
                                         32829 A      17.01       9.94  1,570             2006   $2,225   $1,300    1246020         
                                         32829 B      10.56      13.21  1,363             1991   $1,199   $1,500    1166058         
                                         32829 B       9.74       8.49  1,972             2005   $1,601   $1,395    1245688         
                                         32829 B       9.78      10.19  1,472             1986   $1,200   $1,250    1167856         
                                         32829 B       7.85       8.23  3,401             2004   $2,225   $2,333    1181413         
                                         32829 B       8.76        6.3  3,047             2003   $2,224   $1,600    1245504         
                                         32829 B       9.71       9.14  2,750             2004   $2,225   $2,095    1180560         
                                         32829 B       9.94      10.77  1,449             2002   $1,200   $1,300    1244082         
                                         32829 B       7.23       6.01  3,695             2004   $2,226   $1,850    1245440         
                                         32829 B       10.4       7.48  2,568             2004   $2,226   $1,600    1180950         
                                         32829 B       9.37       5.89  2,850             2006   $2,225   $1,400    1244408         
                                         32829 B       9.31        9.7  1,546             1997   $1,199   $1,250    1166099         
                                         32829 C       5.92       7.66  1,723             2005     $850   $1,100    1244377         
                                         32829 C       5.73       8.26  1,780             2005     $850   $1,225    1244342         
                                         32832 A      13.07      12.55  3,630             2007   $3,954   $3,795    1254822         
                                         32832 A      13.07       9.71  3,578             2005   $3,897   $2,895    1252984         
                                         32832 A      13.07      10.97  2,298             2003   $2,503   $2,100    1252351         
                                         32832 A      13.07      12.44  3,279             2002   $3,571   $3,400    1252392         
                                         32832 B      10.49       8.85  1,831             2004   $1,601   $1,350    1250286         
                                         32832 B      13.07        8.7  2,000             2004   $2,178   $1,450    1247806         
                                         32832 B      10.16       10.5  2,629             2005   $2,226   $2,300    1255397         
                                         32832 B       9.81       9.23  2,723             2005   $2,226   $2,095    1247051         
                                         32832 B      10.08        8.5  2,648             2007   $2,224   $1,875    1251011         
                                         32832 B      10.51       8.03  2,541             2005   $2,225   $1,700    1255352         
                                         32832 B      11.23       9.24  1,710             2005   $1,600   $1,317    1248160         
                                         32832 B       8.48       7.22  3,149             2006   $2,225   $1,895    1255190         
                                         32832 B      13.07          9  2,000             2006   $2,178   $1,500    1251086         
                                         32832 B       9.51       9.47  1,514             2004   $1,200   $1,195    1247904         
                                         32832 B        9.4       8.01  2,840             2005   $2,225   $1,895    1255429         
                                         32832 B      10.99      11.45  1,310             2004   $1,200   $1,250    1247894         
                                         32832 B       9.22       6.63  2,896             2005   $2,225   $1,600    1255679         
                                         32832 B        9.5       7.47  2,810             2005   $2,225   $1,750    1246990         
                                         32832 C       6.25       9.56  1,632             2006     $850   $1,300    1251425         
                                         32833 B      10.93       7.13  2,314             2007   $2,108   $1,375    1277576         
                                         32833 B      10.93       8.71  2,204             2004   $2,007   $1,600    1269947         
                                         32833 B      10.93       6.95  2,236             2005   $2,037   $1,295    1277449         
                                         32833 C       5.66       8.62  1,802             2002     $850   $1,295    1277057         
                                         32835 A      14.46       9.43  1,846             2004   $2,224   $1,450     906902         
                                         32835 A      11.64      12.32  2,436             1996   $2,363   $2,500     893811         
                                         32835 B      11.32       9.91  1,060             1983   $1,000     $875     897838         
                                         32835 C       4.02      12.52  2,540             1987     $851   $2,650     905742         
                                         32835 C       3.14      12.18  3,251             1997     $851   $3,300     901727         
                                         32835 C       4.98      12.59  2,050             1995     $851   $2,150     902510         
                                         32835 C       9.26       8.71  1,102             1960     $850     $800     881800         
                                         32835 C       8.41      12.37  1,213             1990     $850   $1,250     884512         
                                         32835 C       7.16       9.41  1,424             1989     $850   $1,117     882755         
                                         32835 C       2.91      10.26  3,508             1997     $851   $3,000     901662         
                                         32835 C       3.18      12.35  3,207             1990     $850   $3,300     894717         
                                         32836 A      14.74       17.2  4,885             1998   $6,000   $7,000     928725         
                                         32836 A      15.15      12.61  4,752             1998   $5,999   $4,995     925727         
                                         32836 A      13.45      12.44  2,677             1996   $3,000   $2,775     931374         
                                         32836 B       5.03       9.95  5,308             1996   $2,225   $4,400     924397         
                                         32836 B      10.12      13.19  2,638             1988   $2,225   $2,900     928061         
                                         32836 B       11.3      10.92  2,363             2003   $2,225   $2,150     925500         
                                         32836 C       3.75      14.13  2,717             2004     $849   $3,200     925328         
                                         32836 C       4.65      12.31  2,193             1999     $850   $2,250     930540         
                                         32836 C       3.68      11.69  2,771             1997     $850   $2,700     929193         
                                         32836 C       2.87      11.81  3,557             1998     $851   $3,500     926105         
                                         32836 C       1.56      11.04  6,519             1998     $847   $6,000     930321         
                                         32836 C       4.53      11.98  2,254             1994     $851   $2,250     927746         
                                         32836 C       3.43      15.13  2,974             2005     $850   $3,750     926645         
                                         32836 C       2.64      10.88  3,861             2002     $849   $3,500     926682         
                                         32837 B      10.85      12.18  1,769             1997   $1,599   $1,795    1078146         
                                         32837 B       8.37      10.72  3,189             2001   $2,224   $2,850    1073792         
                                         32837 B       9.18       9.57  1,568             1990   $1,200   $1,250    1064576         
                                         32837 B       9.93       8.66  1,934             2000   $1,600   $1,395    1071624         
                                         32837 B       9.91       8.46  2,694             2003   $2,225   $1,899    1073975         
                                         32837 B      10.55      13.72  1,137             2000   $1,000   $1,300    1051644         
                                         32837 B      10.17       9.14  2,625             2003   $2,225   $2,000    1074041         
                                         32837 B      12.61        9.5  2,085             2000   $2,191   $1,650    1070853         
                                         32837 B      11.03       7.41  2,421             1992   $2,225   $1,495    1061840         
                                         32837 C       9.26       9.88    972             1989     $750     $800    1051894         
                                         32837 C       2.98       7.71  3,423             2004     $850   $2,200    1078823         
                                         32837 C       3.05       8.07  3,344             2004     $850   $2,250    1078806         
                                         32839 B       7.93       8.32  1,622             1962   $1,072   $1,125    1022248         
                                                                                                                                    
ORMOND BEACH                             32174 B      10.34       7.76  1,856             2006   $1,599   $1,200     530280         
                                                                                                                                    
PALM BAY                                 32905 C       6.57       6.33  1,421             1973     $778     $750     366071         
                                         32907 B       7.53       6.55  1,648             1989   $1,034     $900     319781         
                                         32907 B       7.52       6.44  2,051             2007   $1,285   $1,100     378800         
                                         32907 B       7.53       6.82  2,024             2005   $1,270   $1,150     336110         
                                         32907 B       7.53       6.61  1,452             1993     $911     $800     328427         
                                         32907 C       7.53       8.11  1,183             1993     $742     $800     327355         
                                         32908 B       6.93       7.98  1,805             2007   $1,042   $1,200     400094         
                                         32908 B       6.94       7.15  2,013             2006   $1,164   $1,200     412351         
                                         32908 C       6.93       9.52  1,040             1984     $601     $825     397076         
                                         32909 B       7.63       7.38  2,277             2000   $1,448   $1,400     441723         
                                         32909 B       7.63       5.77  2,080             1998   $1,323   $1,000     435294         
                                         32909 B       7.63       7.02  1,410             2005     $897     $825     449403         
                                                                                                                                    
PORT ORANGE                              32128 B      11.75      10.03  2,273             1992   $2,226   $1,900     638235         
                                                                                                                                    
ROCKLEDGE                                32955 A       12.8      15.36  3,712             2007   $3,959   $4,750     210378         
                                         32955 B      11.03       12.4  2,420             2007   $2,224   $2,500     208580         
                                         32955 B      12.37      11.68  2,158             2003   $2,225   $2,100     207112         
                                         32955 B       9.04       9.04  1,593             2005   $1,200   $1,200     201315         
                                         32955 B      10.71      12.49  2,494             2003   $2,226   $2,595     207689         
                                         32955 B       9.88       9.23  1,943             1999   $1,600   $1,495     206578         
                                         32955 B      10.05       9.39  1,911             2006   $1,600   $1,495     210251         
                                         32955 B      11.35      10.28  1,692             2005   $1,600   $1,450     207499         
                                         32955 B       7.26       6.46  3,678             2003   $2,225   $1,980     193406         
                                         32955 B       10.6      11.89  2,518             2001   $2,224   $2,495     191072         
                                         32955 B      10.68       7.68  2,500             2002   $2,225   $1,600     205947         
                                         32955 C      10.08      10.61  1,012             1966     $850     $895     192944         
                                         32955 C       6.88       7.89  1,482             1965     $850     $974     192639         
                                         32955 C       7.73       8.64  1,320             1963     $850     $950     192245         
                                                                                                                                    
SATELLITE BEACH                          32937 B      11.03      11.03  1,306             1963   $1,200   $1,200     276992         
                                         32937 B       9.79      11.01  1,471             1968   $1,200   $1,350     271816         
                                                                                                                                    
TITUSVILLE                               32780 B        8.2       8.04  1,792             1989   $1,225   $1,200      86035         
                                         32780 B        8.2       8.34  1,432             1965     $979     $995      89545         
                                         32780 B       8.19        7.1  1,689             1967   $1,153   $1,000      87788         
                                         32780 C       7.61       8.06  1,340             1965     $850     $900      84901         
                                         32780 C       8.19       9.49  1,012             1970     $691     $800      81229         
                                         32796 B      10.65       8.14    958             2005     $850     $650      73508         
                                         32796 C       7.64       9.72    864             1962     $550     $700      67913         
                                                                                                                                    
WINDERMERE                               34786 A      18.73       12.7  3,307             2005   $5,162   $3,500     890798         
                                         34786 A      18.73       9.34  3,211             2006   $5,012   $2,500     791800         
                                         34786 A      18.73       8.74  3,295             2005   $5,143   $2,400     890887         
                                         34786 A      18.73      11.45  3,354             2006   $5,235   $3,200     892965         
                                         34786 A      18.73       9.84  3,170             2003   $4,948   $2,600     890894         
                                         34786 A      12.26      11.85  2,937             2004   $3,001   $2,900     922219         
                                         34786 A      17.07      17.07  4,218             2006   $6,000   $6,000     892954         
                                         34786 A      19.42      10.18  1,375             2005   $2,225   $1,166     802082         
                                         34786 A      18.73      10.24  3,514             2007   $5,485   $3,000     892966         
                                         34786 A      18.73      12.59  3,051             2004   $4,762   $3,200     890822         
                                         34786 A      13.11       9.62  2,745             2007   $2,999   $2,200     799038         
                                         34786 A      18.15      10.89  1,984             1948   $3,001   $1,800     892499         
                                         34786 B       8.15       9.52  3,276             2005   $2,225   $2,600     793664         
                                         34786 B       4.76      16.04  5,610             2004   $2,225   $7,500     913587         
                                         34786 B       5.55      24.95  4,810             2001   $2,225  $10,000     912077         
                                         34786 B      12.45       8.67  2,145             2006   $2,225   $1,550     794003         
                                         34786 B        6.5      11.69  4,105             1999   $2,224   $4,000     904948         
                                         34786 B       9.89       8.67  2,700             2006   $2,225   $1,950     793430         
                                         34786 B      10.47       8.45  2,550             2004   $2,225   $1,795     801208         
                                         34786 B       5.77      10.37  4,624             1995   $2,223   $3,995     904425         
                                         34786 B      13.22       10.7  2,019             2002   $2,224   $1,800     796680         
                                         34786 B       4.36      14.71  6,120             1996   $2,224   $7,500     912070         
                                         34786 B        4.4      15.82  6,069             2005   $2,225   $8,000     890543         
                                         34786 B      10.18      11.44  2,622             2002   $2,224   $2,500     796692         
                                         34786 B      11.61       8.61  2,300             2005   $2,225   $1,650     797040         
                                         34786 C       6.21      10.17  1,642             2006     $850   $1,392     794283         
                                         34786 C        2.8      13.86  3,637             2003     $849   $4,200     913492         
                                         34786 C       1.98      17.51  5,139             2005     $848   $7,500     796142         
                                         34786 C       2.31      16.03  4,417             1990     $850   $5,900     911722         
                                         34786 C       3.02      13.33  3,376             2006     $850   $3,750     793771         
                                         34786 C       1.46      20.59  6,993             1988     $851  $12,000     911837         
                                         34786 C       3.68      21.66  2,770             1987     $849   $5,000     911937         
                                         34786 C       2.13      11.28  4,787             2005     $850   $4,500     793041         
                                         34786 C       6.89      12.97  1,480             2010     $850   $1,600     798626         
                                         34786 C       2.98        9.8  3,424             2006     $850   $2,795     923197         
                                         34786 C       3.18      14.95  3,211             2004     $851   $4,000     913498         
                                         34786 C       3.32      12.11  3,071             1990     $850   $3,100     786894         
                                         34786 C       2.49      24.89  4,098             2005     $850   $8,500     911879         
                                                                                                                                    
WINTER GARDEN                            34787 A      18.35      10.31  1,455             2004   $2,225   $1,250     779262         
                                         34787 A      12.77       9.25  2,529             2001   $2,691   $1,950     786032         
                                         34787 B       9.96      10.89  1,928             2001   $1,600   $1,750     778270         
                                         34787 B       6.86       7.07  3,893             2005   $2,225   $2,295     788005         
                                         34787 B       9.93       10.4  1,933             2005   $1,600   $1,675     784449         
                                         34787 B       9.15      13.16  2,917             1910   $2,224   $3,200     775541         
                                         34787 B        9.9      10.23  2,698             2004   $2,226   $2,300     783746         
                                         34787 B       8.16       7.15  3,274             2007   $2,226   $1,950     778868         
                                         34787 B      10.98      10.94  1,749             2003   $1,600   $1,595     788136         
                                         34787 B      10.58      11.46  1,361             2002   $1,200   $1,300     789818         
                                         34787 B      10.68       8.01  1,124             1985   $1,000     $750     781383         
                                         34787 B       7.56       7.25  3,530             2005   $2,224   $2,132     787880         
                                         34787 B       9.31      10.46  2,869             2001   $2,226   $2,500     787600         
                                         34787 C       7.08       6.81  1,440             2004     $850     $817     781878         
                                         34787 C       8.28       7.79  1,232             1988     $850     $800     777956         
                                         34787 C       5.59       9.87  1,824             2009     $850   $1,500     784000         
                                         34787 C       8.56      11.75  1,192             2005     $850   $1,167     795622         
                                         34787 C       8.31      12.95  1,228             2005     $850   $1,325     795599         
                                         34787 C       8.39       7.32  1,216             1988     $850     $742     781563         
                                         34787 C       8.96       8.17  1,139             1987     $850     $775     770361         
                                                                                                                                    
WINTER PARK                              32789 A       18.1      11.46  3,978             1959   $6,000   $3,800    1097634         
                                         32789 A      15.63      17.71  4,608             2007   $6,002   $6,800    1093893         
                                         32789 B       9.73       6.04  1,480             1950   $1,200     $745     966015         
                                         32789 B       9.99       17.8  1,921             2008   $1,599   $2,850    1096130         
                                         32789 B      10.91       7.27  1,320             1960   $1,200     $800    1095697         
                                         32789 B        7.8      22.79  3,423             1986   $2,225   $6,500    1095367         
                                         32789 B       8.89      14.78  3,005             1961   $2,226   $3,700    1086504         
                                         32789 B      10.08      18.47  1,429             1950   $1,200   $2,200    1097738         
                                         32789 B      11.09      11.79  1,731             1952   $1,600   $1,700    1111656         
                                         32789 B       7.97      15.77  3,349             2006   $2,224   $4,400    1112451         
                                         32789 B       9.52       7.54  1,512             1966   $1,200     $950     966632         
                                         32789 B       6.64      13.43  4,020             2001   $2,224   $4,500     951489         
                                         32789 B       9.36       9.36  1,539             1968   $1,200   $1,200    1088367         
                                         32789 C          9       9.53  1,133             1952     $850     $900     965630         
                                         32789 C       1.31      19.26  7,788             1925     $850  $12,500    1095510         
                                         32789 C       5.56      16.35  1,835             1957     $850   $2,500    1099287         
                                         32792 B      10.54      12.92  1,138             1983   $1,000   $1,225    1102215         
                                         32792 C       4.98      12.31  2,047             1968     $850   $2,100    1101607         
                                                                                                                                    

615 rows selected.

SQL> spool off
