
SQL*Loader: Release 10.2.0.1.0 - Production on Sat Oct 18 18:13:34 2008

Copyright (c) 1982, 2005, Oracle.  All rights reserved.

Control File:   zipcode.dat
Data File:      zipcode.dat
  Bad File:     zipcode.bad
  Discard File:  none specified
 
 (Allow all discards)

Number to load: ALL
Number to skip: 0
Errors allowed: 50
Bind array:     64 rows, maximum of 256000 bytes
Continuation:    none specified
Path used:      Conventional

Table ZIPCODES, loaded from every logical record.
Insert option in effect for this table: INSERT

   Column Name                  Position   Len  Term Encl Datatype
------------------------------ ---------- ----- ---- ---- ---------------------
ZIP_CODE                            FIRST     *   ,  O(") CHARACTER            
CITY                                 NEXT     *   ,  O(") CHARACTER            
STATE                                NEXT     *   ,  O(") CHARACTER            
COUNTY                               NEXT     *   ,  O(") CHARACTER            


Table ZIPCODES:
  79758 Rows successfully loaded.
  0 Rows not loaded due to data errors.
  0 Rows not loaded because all WHEN clauses were failed.
  0 Rows not loaded because all fields were null.


Space allocated for bind array:                  66048 bytes(64 rows)
Read   buffer bytes: 1048576

Total logical records skipped:          0
Total logical records read:         79758
Total logical records rejected:         0
Total logical records discarded:        0

Run began on Sat Oct 18 18:13:34 2008
Run ended on Sat Oct 18 18:16:22 2008

Elapsed time was:     00:02:48.89
CPU time was:         00:00:00.71
